cl : 명령줄 warning D9035: 'Gm' 옵션은 더 이상 사용되지 않으므로 이후 릴리스에서 제거될 예정입니다.
  StdAfx.cpp
  The contents of <execution> are available only with C++17 or later.
  The contents of <any> are available only with C++17 or later.
  The contents of <optional> are available only with C++17 or later.
  The contents of <variant> are available only with C++17 or later.
cl : 명령줄 warning D9035: 'Gm' 옵션은 더 이상 사용되지 않으므로 이후 릴리스에서 제거될 예정입니다.
  SiseWnd.cpp
  OptionEx.cpp
  NotifyCtrl.cpp
  MarketConfirm.cpp
  MapWnd.cpp
  JumunCheck.cpp
  JngoTicker.cpp
  IB300700.cpp
  TitleTip.cpp
  InPlaceEdit.cpp
  GridDropTarget.cpp
  GridCtrl.cpp
   -- CGridCtrl: No printing support
  GridCellBase.cpp
  GridCell.cpp
  GridCtrlExt.cpp
  FOHogaWnd.cpp
  FOGridCtrl.cpp
  ControlWnd.cpp
  Control2Wnd.cpp
  ConfirmDlg.cpp
  코드를 생성하고 있습니다...
  컴파일하고 있습니다...
  ConfigDlg.cpp
  CodeCtrl.cpp
  AxisExt.cpp
  AccountCtrl.cpp
  AccountConfirmWnd.cpp
  Account.cpp
  코드를 생성하고 있습니다...
C:\Program Files (x86)\Microsoft Visual Studio\2019\Community\MSBuild\Microsoft\VC\v160\Microsoft.CppBuild.targets(1363,5): warning MSB8012: TargetPath(D:\git\src\IBK\APPL\IB300700 - 선물옵션복수계좌클릭주문(운영)\IB300700_Debug\IB300700.dll)이(가) Linker의 OutputFile 속성 값(C:\Program Files\IBKS(dev)\HTS_STAFF\dev\IB300700.DLL)과 일치하지 않습니다. 이로 인해 프로젝트가 잘못 빌드될 수 있습니다. 이를 수정하려면 $(OutDir), $(TargetName) 및 $(TargetExt) 속성 값이 %(Link.OutputFile)에 지정된 값과 일치해야 합니다.
Account.obj : warning LNK4075: '/EDITANDCONTINUE'이(가) '/SAFESEH' 사양으로 인해 무시됩니다.
.\IB300700.def(4): warning LNK4017: 대상 플랫폼에는 DESCRIPTION 문이 지원되지 않습니다. 무시됩니다.
     .\IB300700_Debug\IB300700.lib 라이브러리 및 .\IB300700_Debug\IB300700.exp 개체를 생성하고 있습니다.
IB300700.exp : warning LNK4070: /OUT: .EXP의 IB191000.dll 지시문이 'C:\Program Files\IBKS(dev)\HTS_STAFF\dev\IB300700.DLL' 출력 파일 이름과 다릅니다. 지시문이 무시됩니다.
  IB300700.vcxproj -> D:\git\src\IBK\APPL\IB300700 - 선물옵션복수계좌클릭주문(운영)\IB300700_Debug\IB300700.dll
