d:\git\src\ibk\appl\ib300700 - 선물옵션복수계좌클릭주문(운영)\ib300700_debug\ib300700.pch
d:\git\src\ibk\appl\ib300700 - 선물옵션복수계좌클릭주문(운영)\ib300700_debug\vc142.pdb
d:\git\src\ibk\appl\ib300700 - 선물옵션복수계좌클릭주문(운영)\ib300700_debug\vc142.idb
d:\git\src\ibk\appl\ib300700 - 선물옵션복수계좌클릭주문(운영)\ib300700_debug\stdafx.obj
d:\git\src\ibk\appl\ib300700 - 선물옵션복수계좌클릭주문(운영)\ib300700_debug\confirmdlg.obj
d:\git\src\ibk\appl\ib300700 - 선물옵션복수계좌클릭주문(운영)\ib300700_debug\control2wnd.obj
d:\git\src\ibk\appl\ib300700 - 선물옵션복수계좌클릭주문(운영)\ib300700_debug\controlwnd.obj
d:\git\src\ibk\appl\ib300700 - 선물옵션복수계좌클릭주문(운영)\ib300700_debug\fogridctrl.obj
d:\git\src\ibk\appl\ib300700 - 선물옵션복수계좌클릭주문(운영)\ib300700_debug\fohogawnd.obj
d:\git\src\ibk\appl\ib300700 - 선물옵션복수계좌클릭주문(운영)\ib300700_debug\gridctrlext.obj
d:\git\src\ibk\appl\ib300700 - 선물옵션복수계좌클릭주문(운영)\ib300700_debug\gridcell.obj
d:\git\src\ibk\appl\ib300700 - 선물옵션복수계좌클릭주문(운영)\ib300700_debug\gridcellbase.obj
d:\git\src\ibk\appl\ib300700 - 선물옵션복수계좌클릭주문(운영)\ib300700_debug\gridctrl.obj
d:\git\src\ibk\appl\ib300700 - 선물옵션복수계좌클릭주문(운영)\ib300700_debug\griddroptarget.obj
d:\git\src\ibk\appl\ib300700 - 선물옵션복수계좌클릭주문(운영)\ib300700_debug\inplaceedit.obj
d:\git\src\ibk\appl\ib300700 - 선물옵션복수계좌클릭주문(운영)\ib300700_debug\titletip.obj
d:\git\src\ibk\appl\ib300700 - 선물옵션복수계좌클릭주문(운영)\ib300700_debug\ib300700.obj
d:\git\src\ibk\appl\ib300700 - 선물옵션복수계좌클릭주문(운영)\ib300700_debug\jngoticker.obj
d:\git\src\ibk\appl\ib300700 - 선물옵션복수계좌클릭주문(운영)\ib300700_debug\jumuncheck.obj
d:\git\src\ibk\appl\ib300700 - 선물옵션복수계좌클릭주문(운영)\ib300700_debug\mapwnd.obj
d:\git\src\ibk\appl\ib300700 - 선물옵션복수계좌클릭주문(운영)\ib300700_debug\marketconfirm.obj
d:\git\src\ibk\appl\ib300700 - 선물옵션복수계좌클릭주문(운영)\ib300700_debug\notifyctrl.obj
d:\git\src\ibk\appl\ib300700 - 선물옵션복수계좌클릭주문(운영)\ib300700_debug\optionex.obj
d:\git\src\ibk\appl\ib300700 - 선물옵션복수계좌클릭주문(운영)\ib300700_debug\sisewnd.obj
d:\git\src\ibk\appl\ib300700 - 선물옵션복수계좌클릭주문(운영)\ib300700_debug\account.obj
d:\git\src\ibk\appl\ib300700 - 선물옵션복수계좌클릭주문(운영)\ib300700_debug\accountconfirmwnd.obj
d:\git\src\ibk\appl\ib300700 - 선물옵션복수계좌클릭주문(운영)\ib300700_debug\accountctrl.obj
d:\git\src\ibk\appl\ib300700 - 선물옵션복수계좌클릭주문(운영)\ib300700_debug\axisext.obj
d:\git\src\ibk\appl\ib300700 - 선물옵션복수계좌클릭주문(운영)\ib300700_debug\codectrl.obj
d:\git\src\ibk\appl\ib300700 - 선물옵션복수계좌클릭주문(운영)\ib300700_debug\configdlg.obj
d:\git\src\ibk\appl\ib300700 - 선물옵션복수계좌클릭주문(운영)\ib300700_debug\ib300700.lib
d:\git\src\ibk\appl\ib300700 - 선물옵션복수계좌클릭주문(운영)\ib300700_debug\ib300700.exp
d:\git\src\ibk\appl\ib300700 - 선물옵션복수계좌클릭주문(운영)\ib300700_debug\ib300700.ilk
c:\program files\ibks(dev)\hts_staff\dev\ib300700.dll
d:\git\src\ibk\appl\ib300700 - 선물옵션복수계좌클릭주문(운영)\ib300700_debug\ib300700.pdb
d:\git\src\ibk\appl\ib300700 - 선물옵션복수계좌클릭주문(운영)\ib300700_debug\ib300700.res
d:\git\src\ibk\appl\ib300700 - 선물옵션복수계좌클릭주문(운영)\ib300700_debug\ib300700.tlog\cl.command.1.tlog
d:\git\src\ibk\appl\ib300700 - 선물옵션복수계좌클릭주문(운영)\ib300700_debug\ib300700.tlog\cl.read.1.tlog
d:\git\src\ibk\appl\ib300700 - 선물옵션복수계좌클릭주문(운영)\ib300700_debug\ib300700.tlog\cl.write.1.tlog
d:\git\src\ibk\appl\ib300700 - 선물옵션복수계좌클릭주문(운영)\ib300700_debug\ib300700.tlog\ib300700.write.1u.tlog
d:\git\src\ibk\appl\ib300700 - 선물옵션복수계좌클릭주문(운영)\ib300700_debug\ib300700.tlog\link.command.1.tlog
d:\git\src\ibk\appl\ib300700 - 선물옵션복수계좌클릭주문(운영)\ib300700_debug\ib300700.tlog\link.read.1.tlog
d:\git\src\ibk\appl\ib300700 - 선물옵션복수계좌클릭주문(운영)\ib300700_debug\ib300700.tlog\link.write.1.tlog
d:\git\src\ibk\appl\ib300700 - 선물옵션복수계좌클릭주문(운영)\ib300700_debug\ib300700.tlog\rc.command.1.tlog
d:\git\src\ibk\appl\ib300700 - 선물옵션복수계좌클릭주문(운영)\ib300700_debug\ib300700.tlog\rc.read.1.tlog
d:\git\src\ibk\appl\ib300700 - 선물옵션복수계좌클릭주문(운영)\ib300700_debug\ib300700.tlog\rc.write.1.tlog
