d:\git\src\ibk\appl\ib300600(운영)\ib300600_debug\ib300600.bsc
d:\git\src\ibk\appl\ib300600(운영)\ib300600_debug\ib300600.pch
d:\git\src\ibk\appl\ib300600(운영)\ib300600_debug\vc142.pdb
d:\git\src\ibk\appl\ib300600(운영)\ib300600_debug\vc142.idb
d:\git\src\ibk\appl\ib300600(운영)\ib300600_debug\stdafx.sbr
d:\git\src\ibk\appl\ib300600(운영)\ib300600_debug\stdafx.obj
d:\git\src\ibk\appl\ib300600(운영)\ib300600_debug\account.sbr
d:\git\src\ibk\appl\ib300600(운영)\ib300600_debug\accountconfirmwnd.sbr
d:\git\src\ibk\appl\ib300600(운영)\ib300600_debug\accountctrl.sbr
d:\git\src\ibk\appl\ib300600(운영)\ib300600_debug\axisext.sbr
d:\git\src\ibk\appl\ib300600(운영)\ib300600_debug\bottomgrid.sbr
d:\git\src\ibk\appl\ib300600(운영)\ib300600_debug\codectrl.sbr
d:\git\src\ibk\appl\ib300600(운영)\ib300600_debug\configdlg.sbr
d:\git\src\ibk\appl\ib300600(운영)\ib300600_debug\confirmdlg.sbr
d:\git\src\ibk\appl\ib300600(운영)\ib300600_debug\control2wnd.sbr
d:\git\src\ibk\appl\ib300600(운영)\ib300600_debug\controlwnd.sbr
d:\git\src\ibk\appl\ib300600(운영)\ib300600_debug\fogridctrl.sbr
d:\git\src\ibk\appl\ib300600(운영)\ib300600_debug\fohogawnd.sbr
d:\git\src\ibk\appl\ib300600(운영)\ib300600_debug\gridctrlext.sbr
d:\git\src\ibk\appl\ib300600(운영)\ib300600_debug\gridcell.sbr
d:\git\src\ibk\appl\ib300600(운영)\ib300600_debug\gridcellbase.sbr
d:\git\src\ibk\appl\ib300600(운영)\ib300600_debug\gridctrl.sbr
d:\git\src\ibk\appl\ib300600(운영)\ib300600_debug\griddroptarget.sbr
d:\git\src\ibk\appl\ib300600(운영)\ib300600_debug\inplaceedit.sbr
d:\git\src\ibk\appl\ib300600(운영)\ib300600_debug\titletip.sbr
d:\git\src\ibk\appl\ib300600(운영)\ib300600_debug\ib300600.sbr
d:\git\src\ibk\appl\ib300600(운영)\ib300600_debug\ib300600.obj
d:\git\src\ibk\appl\ib300600(운영)\ib300600_debug\titletip.obj
d:\git\src\ibk\appl\ib300600(운영)\ib300600_debug\inplaceedit.obj
d:\git\src\ibk\appl\ib300600(운영)\ib300600_debug\griddroptarget.obj
d:\git\src\ibk\appl\ib300600(운영)\ib300600_debug\gridctrl.obj
d:\git\src\ibk\appl\ib300600(운영)\ib300600_debug\gridcellbase.obj
d:\git\src\ibk\appl\ib300600(운영)\ib300600_debug\gridcell.obj
d:\git\src\ibk\appl\ib300600(운영)\ib300600_debug\gridctrlext.obj
d:\git\src\ibk\appl\ib300600(운영)\ib300600_debug\fohogawnd.obj
d:\git\src\ibk\appl\ib300600(운영)\ib300600_debug\fogridctrl.obj
d:\git\src\ibk\appl\ib300600(운영)\ib300600_debug\controlwnd.obj
d:\git\src\ibk\appl\ib300600(운영)\ib300600_debug\control2wnd.obj
d:\git\src\ibk\appl\ib300600(운영)\ib300600_debug\confirmdlg.obj
d:\git\src\ibk\appl\ib300600(운영)\ib300600_debug\configdlg.obj
d:\git\src\ibk\appl\ib300600(운영)\ib300600_debug\codectrl.obj
d:\git\src\ibk\appl\ib300600(운영)\ib300600_debug\bottomgrid.obj
d:\git\src\ibk\appl\ib300600(운영)\ib300600_debug\axisext.obj
d:\git\src\ibk\appl\ib300600(운영)\ib300600_debug\accountctrl.obj
d:\git\src\ibk\appl\ib300600(운영)\ib300600_debug\accountconfirmwnd.obj
d:\git\src\ibk\appl\ib300600(운영)\ib300600_debug\account.obj
d:\git\src\ibk\appl\ib300600(운영)\ib300600_debug\jngoticker.sbr
d:\git\src\ibk\appl\ib300600(운영)\ib300600_debug\jumuncheck.sbr
d:\git\src\ibk\appl\ib300600(운영)\ib300600_debug\mapwnd.sbr
d:\git\src\ibk\appl\ib300600(운영)\ib300600_debug\marketconfirm.sbr
d:\git\src\ibk\appl\ib300600(운영)\ib300600_debug\notifyctrl.sbr
d:\git\src\ibk\appl\ib300600(운영)\ib300600_debug\optionex.sbr
d:\git\src\ibk\appl\ib300600(운영)\ib300600_debug\screenwnd.sbr
d:\git\src\ibk\appl\ib300600(운영)\ib300600_debug\sisewnd.sbr
d:\git\src\ibk\appl\ib300600(운영)\ib300600_debug\spedit.sbr
d:\git\src\ibk\appl\ib300600(운영)\ib300600_debug\spedit.obj
d:\git\src\ibk\appl\ib300600(운영)\ib300600_debug\sisewnd.obj
d:\git\src\ibk\appl\ib300600(운영)\ib300600_debug\screenwnd.obj
d:\git\src\ibk\appl\ib300600(운영)\ib300600_debug\optionex.obj
d:\git\src\ibk\appl\ib300600(운영)\ib300600_debug\notifyctrl.obj
d:\git\src\ibk\appl\ib300600(운영)\ib300600_debug\marketconfirm.obj
d:\git\src\ibk\appl\ib300600(운영)\ib300600_debug\mapwnd.obj
d:\git\src\ibk\appl\ib300600(운영)\ib300600_debug\jumuncheck.obj
d:\git\src\ibk\appl\ib300600(운영)\ib300600_debug\jngoticker.obj
d:\git\src\ibk\appl\ib300600(운영)\ib300600_debug\ib300600.lib
d:\git\src\ibk\appl\ib300600(운영)\ib300600_debug\ib300600.exp
d:\git\src\ibk\appl\ib300600(운영)\ib300600_debug\ib300600.ilk
d:\ibks_test\dev\ib300600.dll
d:\git\src\ibk\appl\ib300600(운영)\ib300600_debug\ib300600.pdb
d:\git\src\ibk\appl\ib300600(운영)\ib300600_debug\ib300600.res
d:\git\src\ibk\appl\ib300600(운영)\ib300600_debug\ib300600.tlog\bscmake.command.1.tlog
d:\git\src\ibk\appl\ib300600(운영)\ib300600_debug\ib300600.tlog\bscmake.read.1.tlog
d:\git\src\ibk\appl\ib300600(운영)\ib300600_debug\ib300600.tlog\bscmake.write.1.tlog
d:\git\src\ibk\appl\ib300600(운영)\ib300600_debug\ib300600.tlog\cl.command.1.tlog
d:\git\src\ibk\appl\ib300600(운영)\ib300600_debug\ib300600.tlog\cl.read.1.tlog
d:\git\src\ibk\appl\ib300600(운영)\ib300600_debug\ib300600.tlog\cl.write.1.tlog
d:\git\src\ibk\appl\ib300600(운영)\ib300600_debug\ib300600.tlog\ib300600.write.1u.tlog
d:\git\src\ibk\appl\ib300600(운영)\ib300600_debug\ib300600.tlog\link.command.1.tlog
d:\git\src\ibk\appl\ib300600(운영)\ib300600_debug\ib300600.tlog\link.read.1.tlog
d:\git\src\ibk\appl\ib300600(운영)\ib300600_debug\ib300600.tlog\link.write.1.tlog
d:\git\src\ibk\appl\ib300600(운영)\ib300600_debug\ib300600.tlog\rc.command.1.tlog
d:\git\src\ibk\appl\ib300600(운영)\ib300600_debug\ib300600.tlog\rc.read.1.tlog
d:\git\src\ibk\appl\ib300600(운영)\ib300600_debug\ib300600.tlog\rc.write.1.tlog
