  StdAfx.cpp
  _WIN32_WINNT not defined. Defaulting to _WIN32_WINNT_MAXVER (see WinSDKVer.h)
  Account.cpp
  AccountConfirmWnd.cpp
  AccountCtrl.cpp
  AxisExt.cpp
  BottomGrid.cpp
  CodeCtrl.cpp
  ConfigDlg.cpp
  ConfirmDlg.cpp
  Control2Wnd.cpp
  ControlWnd.cpp
  FOGridCtrl.cpp
  FOHogaWnd.cpp
  GridCtrlExt.cpp
  GridCell.cpp
  GridCellBase.cpp
  GridCtrl.cpp
   -- CGridCtrl: No printing support
  GridDropTarget.cpp
  InPlaceEdit.cpp
  TitleTip.cpp
  IB300600.cpp
  코드를 생성하고 있습니다...
  컴파일하고 있습니다...
  JngoTicker.cpp
  JumunCheck.cpp
  MapWnd.cpp
  MarketConfirm.cpp
  NotifyCtrl.cpp
  OptionEx.cpp
  ScreenWnd.cpp
  SiseWnd.cpp
  SpEdit.cpp
  코드를 생성하고 있습니다...
C:\Program Files (x86)\Microsoft Visual Studio\2019\Community\MSBuild\Microsoft\VC\v160\Microsoft.CppBuild.targets(1363,5): warning MSB8012: TargetPath(D:\IBKS_TEST\src\APPL\IB300600(운영)\IB300600_Debug\IB300600.dll)이(가) Linker의 OutputFile 속성 값(D:\IBKS_TEST\dev\IB300600.DLL)과 일치하지 않습니다. 이로 인해 프로젝트가 잘못 빌드될 수 있습니다. 이를 수정하려면 $(OutDir), $(TargetName) 및 $(TargetExt) 속성 값이 %(Link.OutputFile)에 지정된 값과 일치해야 합니다.
Account.obj : warning LNK4075: '/EDITANDCONTINUE'이(가) '/SAFESEH' 사양으로 인해 무시됩니다.
.\IB300600.def(4): warning LNK4017: 대상 플랫폼에는 DESCRIPTION 문이 지원되지 않습니다. 무시됩니다.
     .\IB300600_Debug\IB300600.lib 라이브러리 및 .\IB300600_Debug\IB300600.exp 개체를 생성하고 있습니다.
IB300600.exp : warning LNK4070: /OUT: .EXP의 IB191000.dll 지시문이 '..\..\..\dev\IB300600.DLL' 출력 파일 이름과 다릅니다. 지시문이 무시됩니다.
  IB300600.vcxproj -> D:\IBKS_TEST\src\APPL\IB300600(운영)\IB300600_Debug\IB300600.dll
